[2025-03-04 12:29:54,094][runners.base][INFO] - run eval
[2025-03-04 12:29:54,123][datasets.soccer][INFO] - => Soccer loaded
[2025-03-04 12:29:54,123][datasets.soccer][INFO] - Dataset statistics:
[2025-03-04 12:29:54,123][datasets.soccer][INFO] - -----------------------------------------------------------------------------------
[2025-03-04 12:29:54,123][datasets.soccer][INFO] - subset     | # batch | # frame | # frame w/ gt | # clip | # game | disp.[pixel]
[2025-03-04 12:29:54,123][datasets.soccer][INFO] - -----------------------------------------------------------------------------------
[2025-03-04 12:29:54,124][datasets.soccer][INFO] - 0_ID-5 |     999 |    2997 |          2997 |        |        | 11.4+/-9.8
[2025-03-04 12:29:54,124][datasets.soccer][INFO] - 0_ID-6 |    1000 |    3000 |          3000 |        |        | 20.8+/-14.4
[2025-03-04 12:29:54,124][datasets.soccer][INFO] - all    |    1999 |    5997 |          5997 |      2 |        | 15.7+/-13.0
[2025-03-04 12:29:54,124][datasets.soccer][INFO] - -----------------------------------------------------------------------------------
[2025-03-04 12:29:54,155][runners.eval][INFO] - eval @ match=0, clip=ID-5
[2025-03-04 12:35:34,097][runners.eval][INFO] - Time:339.9(sec)
[2025-03-04 12:35:34,104][utils.evaluator][INFO] - | TP   | TN   | FP1   | FP2   | FP   | FN   | Prec       | Recall       | F1       | Accuracy       | RMSE |
[2025-03-04 12:35:34,104][utils.evaluator][INFO] - | ---- | ---- | ----- | ----- | ---- | ---- | ---------- | ------------ | -------- | -------------- | ---- |
[2025-03-04 12:35:34,104][utils.evaluator][INFO] - | 233 | 2662 | 16 | 19 | 35 | 67 | 0.8694 | 0.7767 | 0.8204 | 0.9660 | 32.01(249) |
[2025-03-04 12:35:34,112][runners.eval][INFO] - eval @ match=0, clip=ID-6
[2025-03-04 12:39:51,619][runners.eval][INFO] - Time:257.5(sec)
[2025-03-04 12:39:51,626][utils.evaluator][INFO] - | TP   | TN   | FP1   | FP2   | FP   | FN   | Prec       | Recall       | F1       | Accuracy       | RMSE |
[2025-03-04 12:39:51,626][utils.evaluator][INFO] - | ---- | ---- | ----- | ----- | ---- | ---- | ---------- | ------------ | -------- | -------------- | ---- |
[2025-03-04 12:39:51,626][utils.evaluator][INFO] - | 238 | 2739 | 6 | 8 | 14 | 9 | 0.9444 | 0.9636 | 0.9539 | 0.9923 | 5.90(244) |
[2025-03-04 12:39:51,639][runners.eval][INFO] - -- TOTAL --
[2025-03-04 12:39:51,639][utils.evaluator][INFO] - hrnet @ dist_threshold=4
[2025-03-04 12:39:51,639][utils.evaluator][INFO] - Elapsed time: 597.4480576515198, FPS: 10.03769268842102 (5997/597.4480576515198)
[2025-03-04 12:39:51,639][utils.evaluator][INFO] - | TP   | TN   | FP1   | FP2   | FP   | FN   | Prec       | Recall       | F1       | Accuracy       | RMSE | AP  |
[2025-03-04 12:39:51,639][utils.evaluator][INFO] - | ---- | ---- | ----- | ----- | ---- | ---- | ---------- | ------------ | -------- | -------------- | ---- | ----- |
[2025-03-04 12:39:51,639][utils.evaluator][INFO] - | 471 | 5401 | 22 | 27 | 49 | 76 | 0.9058 | 0.8611 | 0.8828 | 0.9792 | 23.12(493) | 0.8356 |
